Environment at start of build:
%JAVA_HOME% = C:\Users\eugen\.jdks\openjdk-21.0.1
%MAVEN_HOME% = C:\Program Files\Maven\apache-maven-3.9.6
ALLUSERSPROFILE = C:\ProgramData
APPDATA = C:\Users\eugen\AppData\Roaming
CARBON_MEM_DISABLE = 1
ChocolateyInstall = C:\ProgramData\chocolatey
ChocolateyLastPathUpdate = 133420474425593308
CommonProgramFiles = C:\Program Files\Common Files
CommonProgramFiles(x86) = C:\Program Files (x86)\Common Files
CommonProgramW6432 = C:\Program Files\Common Files
COMPUTERNAME = CRISTIAN
ComSpec = C:\WINDOWS\system32\cmd.exe
DriverData = C:\Windows\System32\Drivers\DriverData
EFC_11848 = 1
FACADES_4.5.0.0 = C:\Program Files (x86)\Reference Assemblies\Microsoft\Framework\.NETFramework\v4.5\Facades
FACADES_4.5.1.0 = C:\Program Files (x86)\Reference Assemblies\Microsoft\Framework\.NETFramework\v4.5.1\Facades
FACADES_4.5.2.0 = C:\Program Files (x86)\Reference Assemblies\Microsoft\Framework\.NETFramework\v4.5.2\Facades
FACADES_4.7.1.0 = C:\Program Files (x86)\Reference Assemblies\Microsoft\Framework\.NETFramework\v4.7.1\Facades
FACADES_4.7.2.0 = C:\Program Files (x86)\Reference Assemblies\Microsoft\Framework\.NETFramework\v4.7.2\Facades
FACADES_4.8.0.0 = C:\Program Files (x86)\Reference Assemblies\Microsoft\Framework\.NETFramework\v4.8\Facades
FPS_BROWSER_APP_PROFILE_STRING = Internet Explorer
FPS_BROWSER_USER_PROFILE_STRING = Default
GCExpConfigUsedInSession = 3
HOMEDRIVE = C:
HOMEPATH = \Users\eugen
IGCCSVC_DB = AQAAANCMnd8BFdERjHoAwE/Cl+sBAAAAeNCIZiMlakezI22D2GVCrwQAAAACAAAAAAAQZgAAAAEAACAAAADmefSLQmADTqACa+X9mXtMtlLv2/zNg7gEkNTITudU4AAAAAAOgAAAAAIAACAAAADnJoqv2FZUnAgKqdMiycg9DHYv+g6Ry07TYCsb/gglZmAAAAAAU63TkjiZuR0EFV+ZXFRCJKbl1JEIYNhEdHc+tJTsBCAklKKXE2M6YvYWT90YfGMEmJQaXTPdRxs/AW5b3OpT0549o6pybVHgTPCccPbxXk7rbWzdlk5SLyNYybQajQ5AAAAAzsfwMewI88+igNc43p3I6UslOMXFT9fydVu3pIHvZZfp5EPz/J9Jc/nTUl2uA0w0Sw0JbkBLfqHrNhwXgp63vg==
JAVA_HOME = C:\Program Files\Java\jdk-17
JD2_HOME = C:\Users\eugen\AppData\Local\JDownloader 2.0
LOCALAPPDATA = C:\Users\eugen\AppData\Local
LOGONSERVER = \\CRISTIAN
M2_HOME = C:\Program Files\Maven
MSBuildLoadMicrosoftTargetsReadOnly = true
MSMPI_BENCHMARKS = C:\Program Files\Microsoft MPI\Benchmarks\
MSMPI_BIN = C:\Program Files\Microsoft MPI\Bin\
MSMPI_INC = C:\Program Files (x86)\Microsoft SDKs\MPI\Include\
MSMPI_LIB32 = C:\Program Files (x86)\Microsoft SDKs\MPI\Lib\x86\
MSMPI_LIB64 = C:\Program Files (x86)\Microsoft SDKs\MPI\Lib\x64\
NUMBER_OF_PROCESSORS = 20
OneDrive = C:\Users\eugen\OneDrive
OneDriveConsumer = C:\Users\eugen\OneDrive
OS = Windows_NT
Path = C:\Program Files\Microsoft MPI\Bin\;C:\Program Files\Microsoft SDKs\Azure\CLI2\wbin;c:\program files\common files\oracle\java\javapath;c:\programdata\oracle\java\javapath;c:\windows\system32;c:\windows;c:\windows\system32\wbem;c:\windows\system32\windowspowershell\v1.0\;c:\windows\system32\openssh\;c:\program files\dotnet\;c:\program files (x86)\microsoft sql server\160\dts\binn\;c:\program files\azure data studio\bin;c:\program files\maven\bin;c:\program files\java\jdk-17\bin;C:\Program Files (x86)\NVIDIA Corporation\PhysX\Common;C:\Program Files (x86)\Microsoft SQL Server\160\Tools\Binn\;C:\Program Files\Microsoft SQL Server\160\Tools\Binn\;C:\Program Files\Microsoft SQL Server\Client SDK\ODBC\170\Tools\Binn\;C:\Program Files\Microsoft SQL Server\160\DTS\Binn\;C:\Program Files\MATLAB\R2016a\runtime\win64;C:\Program Files\MATLAB\R2016a\bin;C:\Program Files\MATLAB\R2016a\polyspace\bin;C:\ProgramData\chocolatey\bin;C:\Users\eugen\AppData\Local\Microsoft\WindowsApps;C:\Users\eugen\.dotnet\tools;C:\Program Files\Azure Data Studio\bin;C:\Users\eugen\AppData\Roaming\npm;C:\ProgramData\chocolatey\bin;C:\tools\msys64\mingw64\bin;C:\Program Files\NVIDIA Corporation\NVIDIA App\NvDLISR;C:\Program Files\Git\cmd;C:\Program Files\nodejs\;C:\Program Files\Docker\Docker\resources\bin;C:\Program Files\Microsoft SQL Server\150\Tools\Binn\;C:\Users\eugen\AppData\Local\Microsoft\WindowsApps;C:\Program Files\Azure Data Studio\bin;C:\ProgramData\mingw64\mingw64\bin;C:\Users\eugen\AppData\Local\Programs\Microsoft VS Code\bin;C:\Users\eugen\.dotnet\tools;C:\Program Files\Java\jdk-17\bin;%MAVEN_HOME%\bin;C:\Users\eugen\AppData\Roaming\npm;C:\Program Files\CMake\bin;C:\Workspace\APD\opencv\opencv;C:\Workspace\APD\opencv\opencv\build\x64\vc16\bin;
PATHEXT = .COM;.EXE;.BAT;.CMD;.VBS;.VBE;.JS;.JSE;.WSF;.WSH;.MSC
PkgDefApplicationConfigFile = C:\Users\eugen\AppData\Local\Microsoft\VisualStudio\17.0_4aca215c\devenv.exe.config
PROCESSOR_ARCHITECTURE = AMD64
PROCESSOR_IDENTIFIER = Intel64 Family 6 Model 154 Stepping 3, GenuineIntel
PROCESSOR_LEVEL = 6
PROCESSOR_REVISION = 9a03
ProgramData = C:\ProgramData
ProgramFiles = C:\Program Files
ProgramFiles(x86) = C:\Program Files (x86)
ProgramW6432 = C:\Program Files
PSModulePath = C:\Program Files\WindowsPowerShell\Modules;C:\WINDOWS\system32\WindowsPowerShell\v1.0\Modules;C:\Program Files (x86)\Microsoft SQL Server\160\Tools\PowerShell\Modules\
PT8HOME = C:\Program Files\Cisco Packet Tracer 8.2.1
PUBLIC = C:\Users\Public
ServiceHubLogSessionKey = 1B1C2B34
SESSIONNAME = Console
SignInWithHomeTenantOnly = False
SystemDrive = C:
SystemRoot = C:\WINDOWS
TEMP = C:\Users\eugen\AppData\Local\Temp
ThreadedWaitDialogDpiContext = -4
TMP = C:\Users\eugen\AppData\Local\Temp
USERDOMAIN = CRISTIAN
USERDOMAIN_ROAMINGPROFILE = CRISTIAN
USERNAME = eugen
USERPROFILE = C:\Users\eugen
VBOX_MSI_INSTALL_PATH = C:\Program Files\Oracle\VirtualBox\
VisualStudioDir = C:\Users\eugen\OneDrive\Documente\Visual Studio 2022
VisualStudioEdition = Microsoft Visual Studio Community 2022
VisualStudioVersion = 17.0
VSAPPIDDIR = C:\Program Files\Microsoft Visual Studio\2022\Community\Common7\IDE\
VSAPPIDNAME = devenv.exe
VSLANG = 1033
VSLS_SESSION_KEEPALIVE_INTERVAL = 0
VsPerMonitorDpiAwarenessEnabled.36332 = TRUE
VSSKUEDITION = Community
VS_Perf_Session_GCHeapCount = 2
windir = C:\WINDOWS
ZES_ENABLE_SYSMAN = 1

  ConsoleApplication1.cpp
  ConsoleApplication1.vcxproj -> C:\Workspace\APD\APD_PROJECT\APD_SEQUENTIAL\x64\Debug\ConsoleApplication1.exe

Project Performance Summary:
     1410 ms  C:\Workspace\APD\APD_PROJECT\APD_SEQUENTIAL\ConsoleApplication1\ConsoleApplication1.vcxproj   1 calls
               1410 ms  Build                                      1 calls

Target Performance Summary:
        0 ms  _CheckForInvalidConfigurationAndPlatform   1 calls
        0 ms  _Link                                      1 calls
        0 ms  AfterLink                                  1 calls
        0 ms  ComputeLinkSwitches                        1 calls
        0 ms  PreLinkEvent                               1 calls
        0 ms  DoLinkOutputFilesMatch                     1 calls
        0 ms  MakeDirsForLink                            1 calls
        0 ms  PrepareResourceNames                       1 calls
        0 ms  CreateCustomManifestResourceNames          1 calls
        0 ms  AssignTargetPaths                          1 calls
        0 ms  ComputeManifestInputsTargets               1 calls
        0 ms  ComputeLinkInputsFromProject               1 calls
        0 ms  _ALink                                     1 calls
        0 ms  ComputeCLGeneratedLinkInputs               1 calls
        0 ms  ComputeManifestGeneratedLinkerInputs       1 calls
        0 ms  ComputeRCGeneratedLinkInputs               1 calls
        0 ms  ComputeRCOutputs                           1 calls
        0 ms  BeforeLink                                 1 calls
        0 ms  BuildLinkTraverse                          1 calls
        0 ms  BuildCompile                               1 calls
        0 ms  _BuildCompileAction                        1 calls
        0 ms  AfterBuildCompileEvent                     1 calls
        0 ms  FinalizeBuildStatus                        1 calls
        0 ms  AfterResourceCompile                       1 calls
        0 ms  MakeDirsForResourceCompile                 1 calls
        0 ms  ComputeCLOutputs                           1 calls
        0 ms  _Manifest                                  1 calls
        0 ms  ResolvedXDCMake                            1 calls
        0 ms  ComputeCLCompileGeneratedXDCFiles          1 calls
        0 ms  IncrementalClean                           1 calls
        0 ms  AfterBuild                                 1 calls
        0 ms  BuildLink                                  1 calls
        0 ms  _BuildLinkAction                           1 calls
        0 ms  PostBuildEvent                             1 calls
        0 ms  PrepareForRun                              1 calls
        0 ms  CopyFilesToOutputDirectory                 1 calls
        0 ms  _CheckForCompileOutputs                    1 calls
        0 ms  _CopySourceItemsToOutputDirectory          1 calls
        0 ms  _GetCopyToOutputDirectoryItemsFromThisProject   1 calls
        0 ms  GetCopyToOutputDirectoryXamlAppDefs        1 calls
        0 ms  _PopulateCommonStateForGetCopyToOutputDirectoryItems   1 calls
        0 ms  _Deploy                                    1 calls
        0 ms  _Appverifier                               1 calls
        0 ms  CreateSatelliteAssemblies                  1 calls
        0 ms  _GenerateSatelliteAssemblyInputs           1 calls
        0 ms  ContentFilesProjectOutputGroup             1 calls
        0 ms  MakeDirsForFxc                             1 calls
        0 ms  SatelliteDllsProjectOutputGroup            1 calls
        0 ms  BuiltProjectOutputGroup                    1 calls
        0 ms  _BscMake                                   1 calls
        0 ms  MakeDirsForBscMake                         1 calls
        0 ms  ComputeCLCompileGeneratedSbrFiles          1 calls
        0 ms  _XdcMake                                   1 calls
        0 ms  MakeDirsForXdcMake                         1 calls
        0 ms  BeforeResourceCompile                      1 calls
        0 ms  _ClCompile                                 1 calls
        0 ms  _ResourceCompile                           1 calls
        0 ms  BuildGenerateSourcesTraverse               1 calls
        0 ms  SelectCustomBuild                          1 calls
        0 ms  _SelectedFiles                             1 calls
        0 ms  PreBuildEvent                              1 calls
        0 ms  BeforeBuildGenerateSources                 1 calls
        0 ms  AfterClCompile                             1 calls
        0 ms  _PrepareForReferenceResolution             1 calls
        0 ms  ResolveReferences                          1 calls
        0 ms  AfterResolveReferences                     1 calls
        0 ms  ResolveAssemblyReferences                  1 calls
        0 ms  ExpandSDKReferences                        1 calls
        0 ms  PrepareProjectReferences                   1 calls
        0 ms  ResolveSDKReferences                       1 calls
        0 ms  SetCABuildNativeEnvironmentVariables       1 calls
        0 ms  _CheckWindowsSDKInstalled                  1 calls
        0 ms  GetResolvedWinMD                           1 calls
        0 ms  IgnoreJavaScriptOutputAssembly             1 calls
        0 ms  AddExternalIncludDirectoriesToPaths        1 calls
        0 ms  GetReferenceAssemblyPaths                  1 calls
        0 ms  GetFrameworkPaths                          1 calls
        0 ms  ResolveProjectReferences                   1 calls
        0 ms  AssignProjectConfiguration                 1 calls
        0 ms  _SplitProjectReferencesByFileExistence     1 calls
        0 ms  BeforeResolveReferences                    1 calls
        0 ms  _PrepareForBuild                           1 calls
        0 ms  ComputeCustomBuildOutput                   1 calls
        0 ms  CopyFileToFolders                          1 calls
        0 ms  SelectClCompile                            1 calls
        0 ms  MakeDirsForCl                              1 calls
        0 ms  FixupCLCompileOptions                      1 calls
        0 ms  ComputeStdModulesCompileInputs             1 calls
        0 ms  WarnCompileDuplicatedFilename              1 calls
        0 ms  ComputeReferenceCLInput                    1 calls
        0 ms  GetReferencedVCProjectsInfo                1 calls
        0 ms  FindReferenceAssembliesForReferences       1 calls
        0 ms  ComputeCLInputPDBName                      1 calls
        0 ms  BuildCompileTraverse                       1 calls
        0 ms  BeforeClCompile                            1 calls
        0 ms  _BuildGenerateSourcesAction                1 calls
        0 ms  AfterBuildGenerateSourcesEvent             1 calls
        0 ms  AfterBuildGenerateSources                  1 calls
        0 ms  _Midl                                      1 calls
        0 ms  AfterMidl                                  1 calls
        0 ms  ComputeMIDLGeneratedCompileInputs          1 calls
        0 ms  MakeDirsForMidl                            1 calls
        0 ms  _Xsd                                       1 calls
        0 ms  BuildGenerateSources                       1 calls
        0 ms  _AddOutputPathToGlobalPropertiesToRemove   1 calls
        1 ms  ComputeLegacyManifestEmbedding             1 calls
        1 ms  SplitResourcesByCulture                    1 calls
        1 ms  RegisterOutput                             1 calls
        1 ms  CreateRecipeFile                           1 calls
        1 ms  TlogCleanup                                1 calls
        1 ms  Build                                      1 calls
        1 ms  SetTelemetryEnvironmentVariables           1 calls
        1 ms  _GetCopyToOutputDirectoryItemsFromTransitiveProjectReferences   1 calls
        1 ms  GetCopyToOutputDirectoryItems              1 calls
        1 ms  SetBuildDefaultEnvironmentVariables        1 calls
        1 ms  _GetProjectReferenceTargetFrameworkProperties   1 calls
        1 ms  CustomBuild                                1 calls
        1 ms  _CleanGetCurrentAndPriorFileWrites         1 calls
        2 ms  InitializeBuildStatus                      1 calls
        2 ms  PrepareForBuild                            1 calls
      115 ms  Link                                       1 calls
     1276 ms  ClCompile                                  1 calls

Task Performance Summary:
        0 ms  Message                                    3 calls
        0 ms  RemoveDuplicates                           2 calls
        0 ms  AssignProjectConfiguration                 1 calls
        0 ms  FindUnderPath                              5 calls
        0 ms  SetRidAgnosticValueForProjects             1 calls
        0 ms  ConvertToAbsolutePath                      1 calls
        0 ms  CheckVCToolsetVersion                      1 calls
        0 ms  VCMessage                                  1 calls
        0 ms  WriteLinesToFile                           1 calls
        0 ms  Delete                                     2 calls
        0 ms  AssignCulture                              1 calls
        0 ms  AssignTargetPath                           7 calls
        1 ms  ReadLinesFromFile                          2 calls
        1 ms  GenerateDesktopDeployRecipe                1 calls
        1 ms  CleanupStaleTlogItems                      1 calls
        1 ms  MakeDir                                   10 calls
        1 ms  CallTarget                                 2 calls
        1 ms  MSBuild                                    1 calls
        1 ms  GetOutOfDateItems                          3 calls
        1 ms  Touch                                      2 calls
        2 ms  SetEnv                                    11 calls
      114 ms  Link                                       1 calls
     1275 ms  CL                                         1 calls
